# JRE version: Java(TM) SE Runtime Environment (8.0_92-b14) (build 1.8.0_92-b14)
# Java VM: Java HotSpot(TM) 64-Bit Server VM (25.92-b14 mixed mode windows-amd64 compressed oops)
Heap:
 PSYoungGen      total 215552K, used 41766K [0x000000076b200000, 0x0000000778d00000, 0x00000007c0000000)
  eden space 208384K, 19% used [0x000000076b200000,0x000000076daaaaf0,0x0000000777d80000)
  from space 7168K, 1% used [0x0000000778500000,0x000000077851f040,0x0000000778c00000)
  to   space 7680K, 0% used [0x0000000777d80000,0x0000000777d80000,0x0000000778500000)
 ParOldGen       total 175104K, used 4674K [0x00000006c1600000, 0x00000006cc100000, 0x000000076b200000)
  object space 175104K, 2% used [0x00000006c1600000,0x00000006c1a909d0,0x00000006cc100000)
 Metaspace       used 7540K, capacity 7629K, committed 7808K, reserved 1056768K
  class space    used 736K, capacity 793K, committed 896K, reserved 1048576K
GC Heap History (10 events):
Event: 7.093 GC heap before
{Heap before GC invocations=6 (full 0):
 PSYoungGen      total 69120K, used 68723K [0x000000076b200000, 0x000000076fd00000, 0x00000007c0000000)
  eden space 64000K, 100% used [0x000000076b200000,0x000000076f080000,0x000000076f080000)
  from space 5120K, 92% used [0x000000076f200000,0x000000076f69cc48,0x000000076f700000)
  to   space 5632K, 0% used [0x000000076f780000,0x000000076f780000,0x000000076fd00000)
 ParOldGen       total 175104K, used 48K [0x00000006c1600000, 0x00000006cc100000, 0x000000076b200000)
  object space 175104K, 0% used [0x00000006c1600000,0x00000006c160c000,0x00000006cc100000)
 Metaspace       used 7534K, capacity 7629K, committed 7808K, reserved 1056768K
  class space    used 736K, capacity 793K, committed 896K, reserved 1048576K
Event: 7.104 GC heap after
Heap after GC invocations=6 (full 0):
 PSYoungGen      total 71168K, used 4707K [0x000000076b200000, 0x0000000773a00000, 0x00000007c0000000)
  eden space 65536K, 0% used [0x000000076b200000,0x000000076b200000,0x000000076f200000)
  from space 5632K, 83% used [0x000000076f780000,0x000000076fc18c38,0x000000076fd00000)
  to   space 5632K, 0% used [0x000000076f200000,0x000000076f200000,0x000000076f780000)
 ParOldGen       total 175104K, used 56K [0x00000006c1600000, 0x00000006cc100000, 0x000000076b200000)
  object space 175104K, 0% used [0x00000006c1600000,0x00000006c160e000,0x00000006cc100000)
 Metaspace       used 7534K, capacity 7629K, committed 7808K, reserved 1056768K
  class space    used 736K, capacity 793K, committed 896K, reserved 1048576K
}
Event: 7.327 GC heap before
{Heap before GC invocations=7 (full 0):
 PSYoungGen      total 71168K, used 70243K [0x000000076b200000, 0x0000000773a00000, 0x00000007c0000000)
  eden space 65536K, 100% used [0x000000076b200000,0x000000076f200000,0x000000076f200000)
  from space 5632K, 83% used [0x000000076f780000,0x000000076fc18c38,0x000000076fd00000)
  to   space 5632K, 0% used [0x000000076f200000,0x000000076f200000,0x000000076f780000)
 ParOldGen       total 175104K, used 56K [0x00000006c1600000, 0x00000006cc100000, 0x000000076b200000)
  object space 175104K, 0% used [0x00000006c1600000,0x00000006c160e000,0x00000006cc100000)
 Metaspace       used 7534K, capacity 7629K, committed 7808K, reserved 1056768K
  class space    used 736K, capacity 793K, committed 896K, reserved 1048576K
Event: 7.338 GC heap after
Heap after GC invocations=7 (full 0):
 PSYoungGen      total 71168K, used 220K [0x000000076b200000, 0x0000000773f00000, 0x00000007c0000000)
  eden space 65536K, 0% used [0x000000076b200000,0x000000076b200000,0x000000076f200000)
  from space 5632K, 3% used [0x000000076f200000,0x000000076f237040,0x000000076f780000)
  to   space 6656K, 0% used [0x0000000773880000,0x0000000773880000,0x0000000773f00000)
 ParOldGen       total 175104K, used 4642K [0x00000006c1600000, 0x00000006cc100000, 0x000000076b200000)
  object space 175104K, 2% used [0x00000006c1600000,0x00000006c1a889d0,0x00000006cc100000)
 Metaspace       used 7534K, capacity 7629K, committed 7808K, reserved 1056768K
  class space    used 736K, capacity 793K, committed 896K, reserved 1048576K
}
Event: 7.586 GC heap before
{Heap before GC invocations=8 (full 0):
 PSYoungGen      total 71168K, used 65756K [0x000000076b200000, 0x0000000773f00000, 0x00000007c0000000)
  eden space 65536K, 100% used [0x000000076b200000,0x000000076f200000,0x000000076f200000)
  from space 5632K, 3% used [0x000000076f200000,0x000000076f237040,0x000000076f780000)
  to   space 6656K, 0% used [0x0000000773880000,0x0000000773880000,0x0000000773f00000)
 ParOldGen       total 175104K, used 4642K [0x00000006c1600000, 0x00000006cc100000, 0x000000076b200000)
  object space 175104K, 2% used [0x00000006c1600000,0x00000006c1a889d0,0x00000006cc100000)
 Metaspace       used 7534K, capacity 7629K, committed 7808K, reserved 1056768K
  class space    used 736K, capacity 793K, committed 896K, reserved 1048576K
Event: 7.588 GC heap after
Heap after GC invocations=8 (full 0):
 PSYoungGen      total 137216K, used 124K [0x000000076b200000, 0x0000000774000000, 0x00000007c0000000)
  eden space 130560K, 0% used [0x000000076b200000,0x000000076b200000,0x0000000773180000)
  from space 6656K, 1% used [0x0000000773880000,0x000000077389f040,0x0000000773f00000)
  to   space 7168K, 0% used [0x0000000773180000,0x0000000773180000,0x0000000773880000)
 ParOldGen       total 175104K, used 4666K [0x00000006c1600000, 0x00000006cc100000, 0x000000076b200000)
  object space 175104K, 2% used [0x00000006c1600000,0x00000006c1a8e9d0,0x00000006cc100000)
 Metaspace       used 7534K, capacity 7629K, committed 7808K, reserved 1056768K
  class space    used 736K, capacity 793K, committed 896K, reserved 1048576K
}
Event: 8.369 GC heap before
{Heap before GC invocations=9 (full 0):
 PSYoungGen      total 137216K, used 130684K [0x000000076b200000, 0x0000000774000000, 0x00000007c0000000)
  eden space 130560K, 100% used [0x000000076b200000,0x0000000773180000,0x0000000773180000)
  from space 6656K, 1% used [0x0000000773880000,0x000000077389f040,0x0000000773f00000)
  to   space 7168K, 0% used [0x0000000773180000,0x0000000773180000,0x0000000773880000)
 ParOldGen       total 175104K, used 4666K [0x00000006c1600000, 0x00000006cc100000, 0x000000076b200000)
  object space 175104K, 2% used [0x00000006c1600000,0x00000006c1a8e9d0,0x00000006cc100000)
 Metaspace       used 7540K, capacity 7629K, committed 7808K, reserved 1056768K
  class space    used 736K, capacity 793K, committed 896K, reserved 1048576K
Event: 8.370 GC heap after
Heap after GC invocations=9 (full 0):
 PSYoungGen      total 137728K, used 220K [0x000000076b200000, 0x0000000778c00000, 0x00000007c0000000)
  eden space 130560K, 0% used [0x000000076b200000,0x000000076b200000,0x0000000773180000)
  from space 7168K, 3% used [0x0000000773180000,0x00000007731b7040,0x0000000773880000)
  to   space 7168K, 0% used [0x0000000778500000,0x0000000778500000,0x0000000778c00000)
 ParOldGen       total 175104K, used 4666K [0x00000006c1600000, 0x00000006cc100000, 0x000000076b200000)
  object space 175104K, 2% used [0x00000006c1600000,0x00000006c1a8e9d0,0x00000006cc100000)
 Metaspace       used 7540K, capacity 7629K, committed 7808K, reserved 1056768K
  class space    used 736K, capacity 793K, committed 896K, reserved 1048576K
}
Event: 8.901 GC heap before
{Heap before GC invocations=10 (full 0):
 PSYoungGen      total 137728K, used 130780K [0x000000076b200000, 0x0000000778c00000, 0x00000007c0000000)
  eden space 130560K, 100% used [0x000000076b200000,0x0000000773180000,0x0000000773180000)
  from space 7168K, 3% used [0x0000000773180000,0x00000007731b7040,0x0000000773880000)
  to   space 7168K, 0% used [0x0000000778500000,0x0000000778500000,0x0000000778c00000)
 ParOldGen       total 175104K, used 4666K [0x00000006c1600000, 0x00000006cc100000, 0x000000076b200000)
  object space 175104K, 2% used [0x00000006c1600000,0x00000006c1a8e9d0,0x00000006cc100000)
 Metaspace       used 7540K, capacity 7629K, committed 7808K, reserved 1056768K
  class space    used 736K, capacity 793K, committed 896K, reserved 1048576K
Event: 8.902 GC heap after
Heap after GC invocations=10 (full 0):
 PSYoungGen      total 215552K, used 124K [0x000000076b200000, 0x0000000778d00000, 0x00000007c0000000)
  eden space 208384K, 0% used [0x000000076b200000,0x000000076b200000,0x0000000777d80000)
  from space 7168K, 1% used [0x0000000778500000,0x000000077851f040,0x0000000778c00000)
  to   space 7680K, 0% used [0x0000000777d80000,0x0000000777d80000,0x0000000778500000)
 ParOldGen       total 175104K, used 4674K [0x00000006c1600000, 0x00000006cc100000, 0x000000076b200000)
  object space 175104K, 2% used [0x00000006c1600000,0x00000006c1a909d0,0x00000006cc100000)
 Metaspace       used 7540K, capacity 7629K, committed 7808K, reserved 1056768K
  class space    used 736K, capacity 793K, committed 896K, reserved 1048576K
}

