# JRE version: Java(TM) SE Runtime Environment (8.0_60-b27) (build 1.8.0_60-b27)
# Java VM: Java HotSpot(TM) 64-Bit Server VM (25.60-b23 mixed mode bsd-amd64 compressed oops)
Heap:
 PSYoungGen      total 110592K, used 29530K [0x0000000795580000, 0x00000007a5380000, 0x00000007c0000000)
  eden space 110080K, 26% used [0x0000000795580000,0x00000007972468c8,0x000000079c100000)
  from space 512K, 12% used [0x00000007a5300000,0x00000007a5310000,0x00000007a5380000)
  to   space 7168K, 0% used [0x00000007a4580000,0x00000007a4580000,0x00000007a4c80000)
 ParOldGen       total 87552K, used 5069K [0x0000000740000000, 0x0000000745580000, 0x0000000795580000)
  object space 87552K, 5% used [0x0000000740000000,0x00000007404f35b0,0x0000000745580000)
 Metaspace       used 7891K, capacity 8063K, committed 8320K, reserved 1056768K
  class space    used 771K, capacity 826K, committed 896K, reserved 1048576K
GC Heap History (10 events):
Event: 11.083 GC heap before
{Heap before GC invocations=8 (full 0):
 PSYoungGen      total 138752K, used 133765K [0x0000000795580000, 0x00000007a6680000, 0x00000007c0000000)
  eden space 133120K, 99% used [0x0000000795580000,0x000000079d77cbe8,0x000000079d780000)
  from space 5632K, 11% used [0x000000079d780000,0x000000079d824970,0x000000079dd00000)
  to   space 6656K, 0% used [0x00000007a6000000,0x00000007a6000000,0x00000007a6680000)
 ParOldGen       total 87552K, used 4296K [0x0000000740000000, 0x0000000745580000, 0x0000000795580000)
  object space 87552K, 4% used [0x0000000740000000,0x00000007404322d0,0x0000000745580000)
 Metaspace       used 7816K, capacity 7935K, committed 8064K, reserved 1056768K
  class space    used 770K, capacity 826K, committed 896K, reserved 1048576K
Event: 11.085 GC heap after
Heap after GC invocations=8 (full 0):
 PSYoungGen      total 128512K, used 128K [0x0000000795580000, 0x00000007a6080000, 0x00000007c0000000)
  eden space 128000K, 0% used [0x0000000795580000,0x0000000795580000,0x000000079d280000)
  from space 512K, 25% used [0x00000007a6000000,0x00000007a6020000,0x00000007a6080000)
  to   space 7168K, 0% used [0x00000007a5280000,0x00000007a5280000,0x00000007a5980000)
 ParOldGen       total 87552K, used 4957K [0x0000000740000000, 0x0000000745580000, 0x0000000795580000)
  object space 87552K, 5% used [0x0000000740000000,0x00000007404d75b0,0x0000000745580000)
 Metaspace       used 7816K, capacity 7935K, committed 8064K, reserved 1056768K
  class space    used 770K, capacity 826K, committed 896K, reserved 1048576K
}
Event: 13.458 GC heap before
{Heap before GC invocations=9 (full 0):
 PSYoungGen      total 128512K, used 128128K [0x0000000795580000, 0x00000007a6080000, 0x00000007c0000000)
  eden space 128000K, 100% used [0x0000000795580000,0x000000079d280000,0x000000079d280000)
  from space 512K, 25% used [0x00000007a6000000,0x00000007a6020000,0x00000007a6080000)
  to   space 7168K, 0% used [0x00000007a5280000,0x00000007a5280000,0x00000007a5980000)
 ParOldGen       total 87552K, used 4957K [0x0000000740000000, 0x0000000745580000, 0x0000000795580000)
  object space 87552K, 5% used [0x0000000740000000,0x00000007404d75b0,0x0000000745580000)
 Metaspace       used 7818K, capacity 7935K, committed 8064K, reserved 1056768K
  class space    used 770K, capacity 826K, committed 896K, reserved 1048576K
Event: 13.459 GC heap after
Heap after GC invocations=9 (full 0):
 PSYoungGen      total 130560K, used 188K [0x0000000795580000, 0x00000007a6080000, 0x00000007c0000000)
  eden space 123392K, 0% used [0x0000000795580000,0x0000000795580000,0x000000079ce00000)
  from space 7168K, 2% used [0x00000007a5280000,0x00000007a52af010,0x00000007a5980000)
  to   space 7168K, 0% used [0x00000007a5980000,0x00000007a5980000,0x00000007a6080000)
 ParOldGen       total 87552K, used 4981K [0x0000000740000000, 0x0000000745580000, 0x0000000795580000)
  object space 87552K, 5% used [0x0000000740000000,0x00000007404dd5b0,0x0000000745580000)
 Metaspace       used 7818K, capacity 7935K, committed 8064K, reserved 1056768K
  class space    used 770K, capacity 826K, committed 896K, reserved 1048576K
}
Event: 15.942 GC heap before
{Heap before GC invocations=10 (full 0):
 PSYoungGen      total 130560K, used 123580K [0x0000000795580000, 0x00000007a6080000, 0x00000007c0000000)
  eden space 123392K, 100% used [0x0000000795580000,0x000000079ce00000,0x000000079ce00000)
  from space 7168K, 2% used [0x00000007a5280000,0x00000007a52af010,0x00000007a5980000)
  to   space 7168K, 0% used [0x00000007a5980000,0x00000007a5980000,0x00000007a6080000)
 ParOldGen       total 87552K, used 4981K [0x0000000740000000, 0x0000000745580000, 0x0000000795580000)
  object space 87552K, 5% used [0x0000000740000000,0x00000007404dd5b0,0x0000000745580000)
 Metaspace       used 7864K, capacity 7999K, committed 8320K, reserved 1056768K
  class space    used 771K, capacity 826K, committed 896K, reserved 1048576K
Event: 15.943 GC heap after
Heap after GC invocations=10 (full 0):
 PSYoungGen      total 119296K, used 224K [0x0000000795580000, 0x00000007a5a00000, 0x00000007c0000000)
  eden space 118784K, 0% used [0x0000000795580000,0x0000000795580000,0x000000079c980000)
  from space 512K, 43% used [0x00000007a5980000,0x00000007a59b8120,0x00000007a5a00000)
  to   space 7168K, 0% used [0x00000007a4c00000,0x00000007a4c00000,0x00000007a5300000)
 ParOldGen       total 87552K, used 5005K [0x0000000740000000, 0x0000000745580000, 0x0000000795580000)
  object space 87552K, 5% used [0x0000000740000000,0x00000007404e35b0,0x0000000745580000)
 Metaspace       used 7864K, capacity 7999K, committed 8320K, reserved 1056768K
  class space    used 771K, capacity 826K, committed 896K, reserved 1048576K
}
Event: 16.027 GC heap before
{Heap before GC invocations=11 (full 0):
 PSYoungGen      total 119296K, used 119008K [0x0000000795580000, 0x00000007a5a00000, 0x00000007c0000000)
  eden space 118784K, 100% used [0x0000000795580000,0x000000079c980000,0x000000079c980000)
  from space 512K, 43% used [0x00000007a5980000,0x00000007a59b8120,0x00000007a5a00000)
  to   space 7168K, 0% used [0x00000007a4c00000,0x00000007a4c00000,0x00000007a5300000)
 ParOldGen       total 87552K, used 5005K [0x0000000740000000, 0x0000000745580000, 0x0000000795580000)
  object space 87552K, 5% used [0x0000000740000000,0x00000007404e35b0,0x0000000745580000)
 Metaspace       used 7883K, capacity 7999K, committed 8320K, reserved 1056768K
  class space    used 771K, capacity 826K, committed 896K, reserved 1048576K
Event: 16.028 GC heap after
Heap after GC invocations=11 (full 0):
 PSYoungGen      total 121344K, used 32K [0x0000000795580000, 0x00000007a5a00000, 0x00000007c0000000)
  eden space 114176K, 0% used [0x0000000795580000,0x0000000795580000,0x000000079c500000)
  from space 7168K, 0% used [0x00000007a4c00000,0x00000007a4c08000,0x00000007a5300000)
  to   space 7168K, 0% used [0x00000007a5300000,0x00000007a5300000,0x00000007a5a00000)
 ParOldGen       total 87552K, used 5061K [0x0000000740000000, 0x0000000745580000, 0x0000000795580000)
  object space 87552K, 5% used [0x0000000740000000,0x00000007404f15b0,0x0000000745580000)
 Metaspace       used 7883K, capacity 7999K, committed 8320K, reserved 1056768K
  class space    used 771K, capacity 826K, committed 896K, reserved 1048576K
}
Event: 17.872 GC heap before
{Heap before GC invocations=12 (full 0):
 PSYoungGen      total 121344K, used 114208K [0x0000000795580000, 0x00000007a5a00000, 0x00000007c0000000)
  eden space 114176K, 100% used [0x0000000795580000,0x000000079c500000,0x000000079c500000)
  from space 7168K, 0% used [0x00000007a4c00000,0x00000007a4c08000,0x00000007a5300000)
  to   space 7168K, 0% used [0x00000007a5300000,0x00000007a5300000,0x00000007a5a00000)
 ParOldGen       total 87552K, used 5061K [0x0000000740000000, 0x0000000745580000, 0x0000000795580000)
  object space 87552K, 5% used [0x0000000740000000,0x00000007404f15b0,0x0000000745580000)
 Metaspace       used 7884K, capacity 7999K, committed 8320K, reserved 1056768K
  class space    used 771K, capacity 826K, committed 896K, reserved 1048576K
Event: 17.873 GC heap after
Heap after GC invocations=12 (full 0):
 PSYoungGen      total 110592K, used 64K [0x0000000795580000, 0x00000007a5380000, 0x00000007c0000000)
  eden space 110080K, 0% used [0x0000000795580000,0x0000000795580000,0x000000079c100000)
  from space 512K, 12% used [0x00000007a5300000,0x00000007a5310000,0x00000007a5380000)
  to   space 7168K, 0% used [0x00000007a4580000,0x00000007a4580000,0x00000007a4c80000)
 ParOldGen       total 87552K, used 5069K [0x0000000740000000, 0x0000000745580000, 0x0000000795580000)
  object space 87552K, 5% used [0x0000000740000000,0x00000007404f35b0,0x0000000745580000)
 Metaspace       used 7884K, capacity 7999K, committed 8320K, reserved 1056768K
  class space    used 771K, capacity 826K, committed 896K, reserved 1048576K
}

