# JRE version: Java(TM) SE Runtime Environment (8.0_60-b27) (build 1.8.0_60-b27)
# Java VM: Java HotSpot(TM) 64-Bit Server VM (25.60-b23 mixed mode bsd-amd64 compressed oops)
Heap:
 PSYoungGen      total 646656K, used 13254K [0x0000000795580000, 0x00000007bf680000, 0x00000007c0000000)
  eden space 646144K, 2% used [0x0000000795580000,0x00000007962418a0,0x00000007bcc80000)
  from space 512K, 37% used [0x00000007bec00000,0x00000007bec30108,0x00000007bec80000)
  to   space 10240K, 0% used [0x00000007bec80000,0x00000007bec80000,0x00000007bf680000)
 ParOldGen       total 87552K, used 11289K [0x0000000740000000, 0x0000000745580000, 0x0000000795580000)
  object space 87552K, 12% used [0x0000000740000000,0x0000000740b066b8,0x0000000745580000)
 Metaspace       used 7893K, capacity 8063K, committed 8320K, reserved 1056768K
  class space    used 771K, capacity 826K, committed 896K, reserved 1048576K
GC Heap History (10 events):
Event: 13.924 GC heap before
{Heap before GC invocations=9 (full 0):
 PSYoungGen      total 274944K, used 267698K [0x0000000795580000, 0x00000007a6c80000, 0x00000007c0000000)
  eden space 265728K, 100% used [0x0000000795580000,0x00000007a5900000,0x00000007a5900000)
  from space 9216K, 21% used [0x00000007a6280000,0x00000007a646caf8,0x00000007a6b80000)
  to   space 9728K, 0% used [0x00000007a5900000,0x00000007a5900000,0x00000007a6280000)
 ParOldGen       total 87552K, used 9455K [0x0000000740000000, 0x0000000745580000, 0x0000000795580000)
  object space 87552K, 10% used [0x0000000740000000,0x000000074093bd48,0x0000000745580000)
 Metaspace       used 7819K, capacity 7935K, committed 8064K, reserved 1056768K
  class space    used 769K, capacity 826K, committed 896K, reserved 1048576K
Event: 13.927 GC heap after
Heap after GC invocations=9 (full 0):
 PSYoungGen      total 275456K, used 256K [0x0000000795580000, 0x00000007b0800000, 0x00000007c0000000)
  eden space 265728K, 0% used [0x0000000795580000,0x0000000795580000,0x00000007a5900000)
  from space 9728K, 2% used [0x00000007a5900000,0x00000007a5940108,0x00000007a6280000)
  to   space 9728K, 0% used [0x00000007afe80000,0x00000007afe80000,0x00000007b0800000)
 ParOldGen       total 87552K, used 11177K [0x0000000740000000, 0x0000000745580000, 0x0000000795580000)
  object space 87552K, 12% used [0x0000000740000000,0x0000000740aea6b8,0x0000000745580000)
 Metaspace       used 7819K, capacity 7935K, committed 8064K, reserved 1056768K
  class space    used 769K, capacity 826K, committed 896K, reserved 1048576K
}
Event: 15.005 GC heap before
{Heap before GC invocations=10 (full 0):
 PSYoungGen      total 275456K, used 265984K [0x0000000795580000, 0x00000007b0800000, 0x00000007c0000000)
  eden space 265728K, 100% used [0x0000000795580000,0x00000007a5900000,0x00000007a5900000)
  from space 9728K, 2% used [0x00000007a5900000,0x00000007a5940108,0x00000007a6280000)
  to   space 9728K, 0% used [0x00000007afe80000,0x00000007afe80000,0x00000007b0800000)
 ParOldGen       total 87552K, used 11177K [0x0000000740000000, 0x0000000745580000, 0x0000000795580000)
  object space 87552K, 12% used [0x0000000740000000,0x0000000740aea6b8,0x0000000745580000)
 Metaspace       used 7879K, capacity 7999K, committed 8320K, reserved 1056768K
  class space    used 770K, capacity 826K, committed 896K, reserved 1048576K
Event: 15.006 GC heap after
Heap after GC invocations=10 (full 0):
 PSYoungGen      total 434688K, used 320K [0x0000000795580000, 0x00000007b0900000, 0x00000007c0000000)
  eden space 424960K, 0% used [0x0000000795580000,0x0000000795580000,0x00000007af480000)
  from space 9728K, 3% used [0x00000007afe80000,0x00000007afed0188,0x00000007b0800000)
  to   space 10240K, 0% used [0x00000007af480000,0x00000007af480000,0x00000007afe80000)
 ParOldGen       total 87552K, used 11209K [0x0000000740000000, 0x0000000745580000, 0x0000000795580000)
  object space 87552K, 12% used [0x0000000740000000,0x0000000740af26b8,0x0000000745580000)
 Metaspace       used 7879K, capacity 7999K, committed 8320K, reserved 1056768K
  class space    used 770K, capacity 826K, committed 896K, reserved 1048576K
}
Event: 15.967 GC heap before
{Heap before GC invocations=11 (full 0):
 PSYoungGen      total 434688K, used 425280K [0x0000000795580000, 0x00000007b0900000, 0x00000007c0000000)
  eden space 424960K, 100% used [0x0000000795580000,0x00000007af480000,0x00000007af480000)
  from space 9728K, 3% used [0x00000007afe80000,0x00000007afed0188,0x00000007b0800000)
  to   space 10240K, 0% used [0x00000007af480000,0x00000007af480000,0x00000007afe80000)
 ParOldGen       total 87552K, used 11209K [0x0000000740000000, 0x0000000745580000, 0x0000000795580000)
  object space 87552K, 12% used [0x0000000740000000,0x0000000740af26b8,0x0000000745580000)
 Metaspace       used 7883K, capacity 7999K, committed 8320K, reserved 1056768K
  class space    used 771K, capacity 826K, committed 896K, reserved 1048576K
Event: 15.968 GC heap after
Heap after GC invocations=11 (full 0):
 PSYoungGen      total 435200K, used 320K [0x0000000795580000, 0x00000007c0000000, 0x00000007c0000000)
  eden space 424960K, 0% used [0x0000000795580000,0x0000000795580000,0x00000007af480000)
  from space 10240K, 3% used [0x00000007af480000,0x00000007af4d0188,0x00000007afe80000)
  to   space 10240K, 0% used [0x00000007bf600000,0x00000007bf600000,0x00000007c0000000)
 ParOldGen       total 87552K, used 11273K [0x0000000740000000, 0x0000000745580000, 0x0000000795580000)
  object space 87552K, 12% used [0x0000000740000000,0x0000000740b026b8,0x0000000745580000)
 Metaspace       used 7883K, capacity 7999K, committed 8320K, reserved 1056768K
  class space    used 771K, capacity 826K, committed 896K, reserved 1048576K
}
Event: 16.162 GC heap before
{Heap before GC invocations=12 (full 0):
 PSYoungGen      total 435200K, used 425280K [0x0000000795580000, 0x00000007c0000000, 0x00000007c0000000)
  eden space 424960K, 100% used [0x0000000795580000,0x00000007af480000,0x00000007af480000)
  from space 10240K, 3% used [0x00000007af480000,0x00000007af4d0188,0x00000007afe80000)
  to   space 10240K, 0% used [0x00000007bf600000,0x00000007bf600000,0x00000007c0000000)
 ParOldGen       total 87552K, used 11273K [0x0000000740000000, 0x0000000745580000, 0x0000000795580000)
  object space 87552K, 12% used [0x0000000740000000,0x0000000740b026b8,0x0000000745580000)
 Metaspace       used 7883K, capacity 7999K, committed 8320K, reserved 1056768K
  class space    used 771K, capacity 826K, committed 896K, reserved 1048576K
Event: 16.163 GC heap after
Heap after GC invocations=12 (full 0):
 PSYoungGen      total 688640K, used 256K [0x0000000795580000, 0x00000007c0000000, 0x00000007c0000000)
  eden space 678400K, 0% used [0x0000000795580000,0x0000000795580000,0x00000007bec00000)
  from space 10240K, 2% used [0x00000007bf600000,0x00000007bf640188,0x00000007c0000000)
  to   space 10240K, 0% used [0x00000007bec00000,0x00000007bec00000,0x00000007bf600000)
 ParOldGen       total 87552K, used 11289K [0x0000000740000000, 0x0000000745580000, 0x0000000795580000)
  object space 87552K, 12% used [0x0000000740000000,0x0000000740b066b8,0x0000000745580000)
 Metaspace       used 7883K, capacity 7999K, committed 8320K, reserved 1056768K
  class space    used 771K, capacity 826K, committed 896K, reserved 1048576K
}
Event: 18.047 GC heap before
{Heap before GC invocations=13 (full 0):
 PSYoungGen      total 688640K, used 678656K [0x0000000795580000, 0x00000007c0000000, 0x00000007c0000000)
  eden space 678400K, 100% used [0x0000000795580000,0x00000007bec00000,0x00000007bec00000)
  from space 10240K, 2% used [0x00000007bf600000,0x00000007bf640188,0x00000007c0000000)
  to   space 10240K, 0% used [0x00000007bec00000,0x00000007bec00000,0x00000007bf600000)
 ParOldGen       total 87552K, used 11289K [0x0000000740000000, 0x0000000745580000, 0x0000000795580000)
  object space 87552K, 12% used [0x0000000740000000,0x0000000740b066b8,0x0000000745580000)
 Metaspace       used 7887K, capacity 7999K, committed 8320K, reserved 1056768K
  class space    used 771K, capacity 826K, committed 896K, reserved 1048576K
Event: 18.048 GC heap after
Heap after GC invocations=13 (full 0):
 PSYoungGen      total 646656K, used 192K [0x0000000795580000, 0x00000007bf680000, 0x00000007c0000000)
  eden space 646144K, 0% used [0x0000000795580000,0x0000000795580000,0x00000007bcc80000)
  from space 512K, 37% used [0x00000007bec00000,0x00000007bec30108,0x00000007bec80000)
  to   space 10240K, 0% used [0x00000007bec80000,0x00000007bec80000,0x00000007bf680000)
 ParOldGen       total 87552K, used 11289K [0x0000000740000000, 0x0000000745580000, 0x0000000795580000)
  object space 87552K, 12% used [0x0000000740000000,0x0000000740b066b8,0x0000000745580000)
 Metaspace       used 7887K, capacity 7999K, committed 8320K, reserved 1056768K
  class space    used 771K, capacity 826K, committed 896K, reserved 1048576K
}

