# JRE version: Java(TM) SE Runtime Environment (8.0_60-b27) (build 1.8.0_60-b27)
# Java VM: Java HotSpot(TM) 64-Bit Server VM (25.60-b23 mixed mode bsd-amd64 compressed oops)
Heap:
 PSYoungGen      total 89088K, used 58414K [0x0000000795580000, 0x00000007a1600000, 0x00000007c0000000)
  eden space 88576K, 65% used [0x0000000795580000,0x0000000798e23880,0x000000079ac00000)
  from space 512K, 81% used [0x00000007a1500000,0x00000007a1568000,0x00000007a1580000)
  to   space 512K, 0% used [0x00000007a1580000,0x00000007a1580000,0x00000007a1600000)
 ParOldGen       total 87552K, used 12716K [0x0000000740000000, 0x0000000745580000, 0x0000000795580000)
  object space 87552K, 14% used [0x0000000740000000,0x0000000740c6b240,0x0000000745580000)
 Metaspace       used 7972K, capacity 8127K, committed 8320K, reserved 1056768K
  class space    used 772K, capacity 826K, committed 896K, reserved 1048576K
GC Heap History (10 events):
Event: 158.791 GC heap before
{Heap before GC invocations=123 (full 0):
 PSYoungGen      total 35840K, used 35488K [0x0000000795580000, 0x00000007a1600000, 0x00000007c0000000)
  eden space 35328K, 100% used [0x0000000795580000,0x0000000797800000,0x0000000797800000)
  from space 512K, 31% used [0x00000007a1580000,0x00000007a15a81c0,0x00000007a1600000)
  to   space 512K, 0% used [0x00000007a1500000,0x00000007a1500000,0x00000007a1580000)
 ParOldGen       total 87552K, used 12396K [0x0000000740000000, 0x0000000745580000, 0x0000000795580000)
  object space 87552K, 14% used [0x0000000740000000,0x0000000740c1b230,0x0000000745580000)
 Metaspace       used 7966K, capacity 8127K, committed 8320K, reserved 1056768K
  class space    used 771K, capacity 826K, committed 896K, reserved 1048576K
Event: 158.792 GC heap after
Heap after GC invocations=123 (full 0):
 PSYoungGen      total 43008K, used 128K [0x0000000795580000, 0x00000007a1600000, 0x00000007c0000000)
  eden space 42496K, 0% used [0x0000000795580000,0x0000000795580000,0x0000000797f00000)
  from space 512K, 25% used [0x00000007a1500000,0x00000007a15201c0,0x00000007a1580000)
  to   space 512K, 0% used [0x00000007a1580000,0x00000007a1580000,0x00000007a1600000)
 ParOldGen       total 87552K, used 12396K [0x0000000740000000, 0x0000000745580000, 0x0000000795580000)
  object space 87552K, 14% used [0x0000000740000000,0x0000000740c1b230,0x0000000745580000)
 Metaspace       used 7966K, capacity 8127K, committed 8320K, reserved 1056768K
  class space    used 771K, capacity 826K, committed 896K, reserved 1048576K
}
Event: 158.850 GC heap before
{Heap before GC invocations=124 (full 0):
 PSYoungGen      total 43008K, used 42624K [0x0000000795580000, 0x00000007a1600000, 0x00000007c0000000)
  eden space 42496K, 100% used [0x0000000795580000,0x0000000797f00000,0x0000000797f00000)
  from space 512K, 25% used [0x00000007a1500000,0x00000007a15201c0,0x00000007a1580000)
  to   space 512K, 0% used [0x00000007a1580000,0x00000007a1580000,0x00000007a1600000)
 ParOldGen       total 87552K, used 12396K [0x0000000740000000, 0x0000000745580000, 0x0000000795580000)
  object space 87552K, 14% used [0x0000000740000000,0x0000000740c1b230,0x0000000745580000)
 Metaspace       used 7966K, capacity 8127K, committed 8320K, reserved 1056768K
  class space    used 771K, capacity 826K, committed 896K, reserved 1048576K
Event: 158.850 GC heap after
Heap after GC invocations=124 (full 0):
 PSYoungGen      total 51712K, used 96K [0x0000000795580000, 0x00000007a1600000, 0x00000007c0000000)
  eden space 51200K, 0% used [0x0000000795580000,0x0000000795580000,0x0000000798780000)
  from space 512K, 18% used [0x00000007a1580000,0x00000007a15981c0,0x00000007a1600000)
  to   space 512K, 0% used [0x00000007a1500000,0x00000007a1500000,0x00000007a1580000)
 ParOldGen       total 87552K, used 12396K [0x0000000740000000, 0x0000000745580000, 0x0000000795580000)
  object space 87552K, 14% used [0x0000000740000000,0x0000000740c1b230,0x0000000745580000)
 Metaspace       used 7966K, capacity 8127K, committed 8320K, reserved 1056768K
  class space    used 771K, capacity 826K, committed 896K, reserved 1048576K
}
Event: 160.716 GC heap before
{Heap before GC invocations=125 (full 0):
 PSYoungGen      total 51712K, used 51296K [0x0000000795580000, 0x00000007a1600000, 0x00000007c0000000)
  eden space 51200K, 100% used [0x0000000795580000,0x0000000798780000,0x0000000798780000)
  from space 512K, 18% used [0x00000007a1580000,0x00000007a15981c0,0x00000007a1600000)
  to   space 512K, 0% used [0x00000007a1500000,0x00000007a1500000,0x00000007a1580000)
 ParOldGen       total 87552K, used 12396K [0x0000000740000000, 0x0000000745580000, 0x0000000795580000)
  object space 87552K, 14% used [0x0000000740000000,0x0000000740c1b230,0x0000000745580000)
 Metaspace       used 7966K, capacity 8127K, committed 8320K, reserved 1056768K
  class space    used 771K, capacity 826K, committed 896K, reserved 1048576K
Event: 160.717 GC heap after
Heap after GC invocations=125 (full 0):
 PSYoungGen      total 61952K, used 348K [0x0000000795580000, 0x00000007a1600000, 0x00000007c0000000)
  eden space 61440K, 0% used [0x0000000795580000,0x0000000795580000,0x0000000799180000)
  from space 512K, 67% used [0x00000007a1500000,0x00000007a1557020,0x00000007a1580000)
  to   space 512K, 0% used [0x00000007a1580000,0x00000007a1580000,0x00000007a1600000)
 ParOldGen       total 87552K, used 12412K [0x0000000740000000, 0x0000000745580000, 0x0000000795580000)
  object space 87552K, 14% used [0x0000000740000000,0x0000000740c1f230,0x0000000745580000)
 Metaspace       used 7966K, capacity 8127K, committed 8320K, reserved 1056768K
  class space    used 771K, capacity 826K, committed 896K, reserved 1048576K
}
Event: 163.241 GC heap before
{Heap before GC invocations=126 (full 0):
 PSYoungGen      total 61952K, used 61788K [0x0000000795580000, 0x00000007a1600000, 0x00000007c0000000)
  eden space 61440K, 100% used [0x0000000795580000,0x0000000799180000,0x0000000799180000)
  from space 512K, 67% used [0x00000007a1500000,0x00000007a1557020,0x00000007a1580000)
  to   space 512K, 0% used [0x00000007a1580000,0x00000007a1580000,0x00000007a1600000)
 ParOldGen       total 87552K, used 12412K [0x0000000740000000, 0x0000000745580000, 0x0000000795580000)
  object space 87552K, 14% used [0x0000000740000000,0x0000000740c1f230,0x0000000745580000)
 Metaspace       used 7966K, capacity 8127K, committed 8320K, reserved 1056768K
  class space    used 771K, capacity 826K, committed 896K, reserved 1048576K
Event: 163.242 GC heap after
Heap after GC invocations=126 (full 0):
 PSYoungGen      total 74240K, used 476K [0x0000000795580000, 0x00000007a1600000, 0x00000007c0000000)
  eden space 73728K, 0% used [0x0000000795580000,0x0000000795580000,0x0000000799d80000)
  from space 512K, 92% used [0x00000007a1580000,0x00000007a15f7010,0x00000007a1600000)
  to   space 512K, 0% used [0x00000007a1500000,0x00000007a1500000,0x00000007a1580000)
 ParOldGen       total 87552K, used 12572K [0x0000000740000000, 0x0000000745580000, 0x0000000795580000)
  object space 87552K, 14% used [0x0000000740000000,0x0000000740c47240,0x0000000745580000)
 Metaspace       used 7966K, capacity 8127K, committed 8320K, reserved 1056768K
  class space    used 771K, capacity 826K, committed 896K, reserved 1048576K
}
Event: 166.033 GC heap before
{Heap before GC invocations=127 (full 0):
 PSYoungGen      total 74240K, used 74182K [0x0000000795580000, 0x00000007a1600000, 0x00000007c0000000)
  eden space 73728K, 99% used [0x0000000795580000,0x0000000799d7aa40,0x0000000799d80000)
  from space 512K, 92% used [0x00000007a1580000,0x00000007a15f7010,0x00000007a1600000)
  to   space 512K, 0% used [0x00000007a1500000,0x00000007a1500000,0x00000007a1580000)
 ParOldGen       total 87552K, used 12572K [0x0000000740000000, 0x0000000745580000, 0x0000000795580000)
  object space 87552K, 14% used [0x0000000740000000,0x0000000740c47240,0x0000000745580000)
 Metaspace       used 7966K, capacity 8127K, committed 8320K, reserved 1056768K
  class space    used 771K, capacity 826K, committed 896K, reserved 1048576K
Event: 166.035 GC heap after
Heap after GC invocations=127 (full 0):
 PSYoungGen      total 89088K, used 416K [0x0000000795580000, 0x00000007a1600000, 0x00000007c0000000)
  eden space 88576K, 0% used [0x0000000795580000,0x0000000795580000,0x000000079ac00000)
  from space 512K, 81% used [0x00000007a1500000,0x00000007a1568000,0x00000007a1580000)
  to   space 512K, 0% used [0x00000007a1580000,0x00000007a1580000,0x00000007a1600000)
 ParOldGen       total 87552K, used 12716K [0x0000000740000000, 0x0000000745580000, 0x0000000795580000)
  object space 87552K, 14% used [0x0000000740000000,0x0000000740c6b240,0x0000000745580000)
 Metaspace       used 7966K, capacity 8127K, committed 8320K, reserved 1056768K
  class space    used 771K, capacity 826K, committed 896K, reserved 1048576K
}

