# JRE version: Java(TM) SE Runtime Environment (8.0_60-b27) (build 1.8.0_60-b27)
# Java VM: Java HotSpot(TM) 64-Bit Server VM (25.60-b23 mixed mode bsd-amd64 compressed oops)
Heap:
 PSYoungGen      total 436736K, used 17284K [0x0000000795580000, 0x00000007bff80000, 0x00000007c0000000)
  eden space 425472K, 4% used [0x0000000795580000,0x00000007966491f8,0x00000007af500000)
  from space 11264K, 0% used [0x00000007af500000,0x00000007af518000,0x00000007b0000000)
  to   space 10752K, 0% used [0x00000007bf500000,0x00000007bf500000,0x00000007bff80000)
 ParOldGen       total 87552K, used 11587K [0x0000000740000000, 0x0000000745580000, 0x0000000795580000)
  object space 87552K, 13% used [0x0000000740000000,0x0000000740b50c20,0x0000000745580000)
 Metaspace       used 7829K, capacity 7935K, committed 8064K, reserved 1056768K
  class space    used 771K, capacity 826K, committed 896K, reserved 1048576K
GC Heap History (10 events):
Event: 4.037 GC heap before
{Heap before GC invocations=7 (full 0):
 PSYoungGen      total 143360K, used 137575K [0x0000000795580000, 0x000000079ec80000, 0x00000007c0000000)
  eden space 133120K, 100% used [0x0000000795580000,0x000000079d780000,0x000000079d780000)
  from space 10240K, 43% used [0x000000079e280000,0x000000079e6d9d80,0x000000079ec80000)
  to   space 10752K, 0% used [0x000000079d780000,0x000000079d780000,0x000000079e200000)
 ParOldGen       total 87552K, used 7243K [0x0000000740000000, 0x0000000745580000, 0x0000000795580000)
  object space 87552K, 8% used [0x0000000740000000,0x0000000740712ea0,0x0000000745580000)
 Metaspace       used 7798K, capacity 7935K, committed 8064K, reserved 1056768K
  class space    used 770K, capacity 826K, committed 896K, reserved 1048576K
Event: 4.045 GC heap after
Heap after GC invocations=7 (full 0):
 PSYoungGen      total 143872K, used 3511K [0x0000000795580000, 0x00000007a6e80000, 0x00000007c0000000)
  eden space 133120K, 0% used [0x0000000795580000,0x0000000795580000,0x000000079d780000)
  from space 10752K, 32% used [0x000000079d780000,0x000000079daedd70,0x000000079e200000)
  to   space 10752K, 0% used [0x00000007a6400000,0x00000007a6400000,0x00000007a6e80000)
 ParOldGen       total 87552K, used 8252K [0x0000000740000000, 0x0000000745580000, 0x0000000795580000)
  object space 87552K, 9% used [0x0000000740000000,0x000000074080f038,0x0000000745580000)
 Metaspace       used 7798K, capacity 7935K, committed 8064K, reserved 1056768K
  class space    used 770K, capacity 826K, committed 896K, reserved 1048576K
}
Event: 4.877 GC heap before
{Heap before GC invocations=8 (full 0):
 PSYoungGen      total 143872K, used 136631K [0x0000000795580000, 0x00000007a6e80000, 0x00000007c0000000)
  eden space 133120K, 100% used [0x0000000795580000,0x000000079d780000,0x000000079d780000)
  from space 10752K, 32% used [0x000000079d780000,0x000000079daedd70,0x000000079e200000)
  to   space 10752K, 0% used [0x00000007a6400000,0x00000007a6400000,0x00000007a6e80000)
 ParOldGen       total 87552K, used 8252K [0x0000000740000000, 0x0000000745580000, 0x0000000795580000)
  object space 87552K, 9% used [0x0000000740000000,0x000000074080f038,0x0000000745580000)
 Metaspace       used 7807K, capacity 7935K, committed 8064K, reserved 1056768K
  class space    used 770K, capacity 826K, committed 896K, reserved 1048576K
Event: 4.881 GC heap after
Heap after GC invocations=8 (full 0):
 PSYoungGen      total 276992K, used 1394K [0x0000000795580000, 0x00000007a6e80000, 0x00000007c0000000)
  eden space 266240K, 0% used [0x0000000795580000,0x0000000795580000,0x00000007a5980000)
  from space 10752K, 12% used [0x00000007a6400000,0x00000007a655c970,0x00000007a6e80000)
  to   space 10752K, 0% used [0x00000007a5980000,0x00000007a5980000,0x00000007a6400000)
 ParOldGen       total 87552K, used 10168K [0x0000000740000000, 0x0000000745580000, 0x0000000795580000)
  object space 87552K, 11% used [0x0000000740000000,0x00000007409ee2b0,0x0000000745580000)
 Metaspace       used 7807K, capacity 7935K, committed 8064K, reserved 1056768K
  class space    used 770K, capacity 826K, committed 896K, reserved 1048576K
}
Event: 6.211 GC heap before
{Heap before GC invocations=9 (full 0):
 PSYoungGen      total 276992K, used 267634K [0x0000000795580000, 0x00000007a6e80000, 0x00000007c0000000)
  eden space 266240K, 100% used [0x0000000795580000,0x00000007a5980000,0x00000007a5980000)
  from space 10752K, 12% used [0x00000007a6400000,0x00000007a655c970,0x00000007a6e80000)
  to   space 10752K, 0% used [0x00000007a5980000,0x00000007a5980000,0x00000007a6400000)
 ParOldGen       total 87552K, used 10168K [0x0000000740000000, 0x0000000745580000, 0x0000000795580000)
  object space 87552K, 11% used [0x0000000740000000,0x00000007409ee2b0,0x0000000745580000)
 Metaspace       used 7819K, capacity 7935K, committed 8064K, reserved 1056768K
  class space    used 770K, capacity 826K, committed 896K, reserved 1048576K
Event: 6.214 GC heap after
Heap after GC invocations=9 (full 0):
 PSYoungGen      total 276992K, used 320K [0x0000000795580000, 0x00000007b0a80000, 0x00000007c0000000)
  eden space 266240K, 0% used [0x0000000795580000,0x0000000795580000,0x00000007a5980000)
  from space 10752K, 2% used [0x00000007a5980000,0x00000007a59d0188,0x00000007a6400000)
  to   space 10752K, 0% used [0x00000007b0000000,0x00000007b0000000,0x00000007b0a80000)
 ParOldGen       total 87552K, used 11547K [0x0000000740000000, 0x0000000745580000, 0x0000000795580000)
  object space 87552K, 13% used [0x0000000740000000,0x0000000740b46c20,0x0000000745580000)
 Metaspace       used 7819K, capacity 7935K, committed 8064K, reserved 1056768K
  class space    used 770K, capacity 826K, committed 896K, reserved 1048576K
}
Event: 7.587 GC heap before
{Heap before GC invocations=10 (full 0):
 PSYoungGen      total 276992K, used 266560K [0x0000000795580000, 0x00000007b0a80000, 0x00000007c0000000)
  eden space 266240K, 100% used [0x0000000795580000,0x00000007a5980000,0x00000007a5980000)
  from space 10752K, 2% used [0x00000007a5980000,0x00000007a59d0188,0x00000007a6400000)
  to   space 10752K, 0% used [0x00000007b0000000,0x00000007b0000000,0x00000007b0a80000)
 ParOldGen       total 87552K, used 11547K [0x0000000740000000, 0x0000000745580000, 0x0000000795580000)
  object space 87552K, 13% used [0x0000000740000000,0x0000000740b46c20,0x0000000745580000)
 Metaspace       used 7820K, capacity 7935K, committed 8064K, reserved 1056768K
  class space    used 770K, capacity 826K, committed 896K, reserved 1048576K
Event: 7.587 GC heap after
Heap after GC invocations=10 (full 0):
 PSYoungGen      total 436224K, used 320K [0x0000000795580000, 0x00000007b0b80000, 0x00000007c0000000)
  eden space 425472K, 0% used [0x0000000795580000,0x0000000795580000,0x00000007af500000)
  from space 10752K, 2% used [0x00000007b0000000,0x00000007b0050188,0x00000007b0a80000)
  to   space 11264K, 0% used [0x00000007af500000,0x00000007af500000,0x00000007b0000000)
 ParOldGen       total 87552K, used 11563K [0x0000000740000000, 0x0000000745580000, 0x0000000795580000)
  object space 87552K, 13% used [0x0000000740000000,0x0000000740b4ac20,0x0000000745580000)
 Metaspace       used 7820K, capacity 7935K, committed 8064K, reserved 1056768K
  class space    used 770K, capacity 826K, committed 896K, reserved 1048576K
}
Event: 10.277 GC heap before
{Heap before GC invocations=11 (full 0):
 PSYoungGen      total 436224K, used 425792K [0x0000000795580000, 0x00000007b0b80000, 0x00000007c0000000)
  eden space 425472K, 100% used [0x0000000795580000,0x00000007af500000,0x00000007af500000)
  from space 10752K, 2% used [0x00000007b0000000,0x00000007b0050188,0x00000007b0a80000)
  to   space 11264K, 0% used [0x00000007af500000,0x00000007af500000,0x00000007b0000000)
 ParOldGen       total 87552K, used 11563K [0x0000000740000000, 0x0000000745580000, 0x0000000795580000)
  object space 87552K, 13% used [0x0000000740000000,0x0000000740b4ac20,0x0000000745580000)
 Metaspace       used 7823K, capacity 7935K, committed 8064K, reserved 1056768K
  class space    used 770K, capacity 826K, committed 896K, reserved 1048576K
Event: 10.278 GC heap after
Heap after GC invocations=11 (full 0):
 PSYoungGen      total 436736K, used 96K [0x0000000795580000, 0x00000007bff80000, 0x00000007c0000000)
  eden space 425472K, 0% used [0x0000000795580000,0x0000000795580000,0x00000007af500000)
  from space 11264K, 0% used [0x00000007af500000,0x00000007af518000,0x00000007b0000000)
  to   space 10752K, 0% used [0x00000007bf500000,0x00000007bf500000,0x00000007bff80000)
 ParOldGen       total 87552K, used 11587K [0x0000000740000000, 0x0000000745580000, 0x0000000795580000)
  object space 87552K, 13% used [0x0000000740000000,0x0000000740b50c20,0x0000000745580000)
 Metaspace       used 7823K, capacity 7935K, committed 8064K, reserved 1056768K
  class space    used 770K, capacity 826K, committed 896K, reserved 1048576K
}

