# JRE version: Java(TM) SE Runtime Environment (8.0_92-b14) (build 1.8.0_92-b14)
# Java VM: Java HotSpot(TM) 64-Bit Server VM (25.92-b14 mixed mode windows-amd64 compressed oops)
Heap:
 PSYoungGen      total 31744K, used 28083K [0x000000076b200000, 0x000000077bd80000, 0x00000007c0000000)
  eden space 31232K, 89% used [0x000000076b200000,0x000000076cd3cb08,0x000000076d080000)
  from space 512K, 37% used [0x000000077bd00000,0x000000077bd30108,0x000000077bd80000)
  to   space 512K, 0% used [0x000000077bc80000,0x000000077bc80000,0x000000077bd00000)
 ParOldGen       total 175104K, used 11405K [0x00000006c1600000, 0x00000006cc100000, 0x000000076b200000)
  object space 175104K, 6% used [0x00000006c1600000,0x00000006c21234e8,0x00000006cc100000)
 Metaspace       used 7584K, capacity 7773K, committed 8064K, reserved 1056768K
  class space    used 737K, capacity 793K, committed 896K, reserved 1048576K
GC Heap History (10 events):
Event: 335.879 GC heap before
{Heap before GC invocations=456 (full 0):
 PSYoungGen      total 31744K, used 31516K [0x000000076b200000, 0x000000077bd80000, 0x00000007c0000000)
  eden space 31232K, 100% used [0x000000076b200000,0x000000076d080000,0x000000076d080000)
  from space 512K, 55% used [0x000000077bc80000,0x000000077bcc7118,0x000000077bd00000)
  to   space 512K, 0% used [0x000000077bd00000,0x000000077bd00000,0x000000077bd80000)
 ParOldGen       total 175104K, used 11405K [0x00000006c1600000, 0x00000006cc100000, 0x000000076b200000)
  object space 175104K, 6% used [0x00000006c1600000,0x00000006c21234e8,0x00000006cc100000)
 Metaspace       used 7584K, capacity 7773K, committed 8064K, reserved 1056768K
  class space    used 737K, capacity 793K, committed 896K, reserved 1048576K
Event: 335.881 GC heap after
Heap after GC invocations=456 (full 0):
 PSYoungGen      total 31744K, used 284K [0x000000076b200000, 0x000000077bd80000, 0x00000007c0000000)
  eden space 31232K, 0% used [0x000000076b200000,0x000000076b200000,0x000000076d080000)
  from space 512K, 55% used [0x000000077bd00000,0x000000077bd47118,0x000000077bd80000)
  to   space 512K, 0% used [0x000000077bc80000,0x000000077bc80000,0x000000077bd00000)
 ParOldGen       total 175104K, used 11405K [0x00000006c1600000, 0x00000006cc100000, 0x000000076b200000)
  object space 175104K, 6% used [0x00000006c1600000,0x00000006c21234e8,0x00000006cc100000)
 Metaspace       used 7584K, capacity 7773K, committed 8064K, reserved 1056768K
  class space    used 737K, capacity 793K, committed 896K, reserved 1048576K
}
Event: 336.378 GC heap before
{Heap before GC invocations=457 (full 0):
 PSYoungGen      total 31744K, used 31405K [0x000000076b200000, 0x000000077bd80000, 0x00000007c0000000)
  eden space 31232K, 99% used [0x000000076b200000,0x000000076d064338,0x000000076d080000)
  from space 512K, 55% used [0x000000077bd00000,0x000000077bd47118,0x000000077bd80000)
  to   space 512K, 0% used [0x000000077bc80000,0x000000077bc80000,0x000000077bd00000)
 ParOldGen       total 175104K, used 11405K [0x00000006c1600000, 0x00000006cc100000, 0x000000076b200000)
  object space 175104K, 6% used [0x00000006c1600000,0x00000006c21234e8,0x00000006cc100000)
 Metaspace       used 7584K, capacity 7773K, committed 8064K, reserved 1056768K
  class space    used 737K, capacity 793K, committed 896K, reserved 1048576K
Event: 336.379 GC heap after
Heap after GC invocations=457 (full 0):
 PSYoungGen      total 31744K, used 192K [0x000000076b200000, 0x000000077bd80000, 0x00000007c0000000)
  eden space 31232K, 0% used [0x000000076b200000,0x000000076b200000,0x000000076d080000)
  from space 512K, 37% used [0x000000077bc80000,0x000000077bcb0108,0x000000077bd00000)
  to   space 512K, 0% used [0x000000077bd00000,0x000000077bd00000,0x000000077bd80000)
 ParOldGen       total 175104K, used 11405K [0x00000006c1600000, 0x00000006cc100000, 0x000000076b200000)
  object space 175104K, 6% used [0x00000006c1600000,0x00000006c21234e8,0x00000006cc100000)
 Metaspace       used 7584K, capacity 7773K, committed 8064K, reserved 1056768K
  class space    used 737K, capacity 793K, committed 896K, reserved 1048576K
}
Event: 336.878 GC heap before
{Heap before GC invocations=458 (full 0):
 PSYoungGen      total 31744K, used 31389K [0x000000076b200000, 0x000000077bd80000, 0x00000007c0000000)
  eden space 31232K, 99% used [0x000000076b200000,0x000000076d077530,0x000000076d080000)
  from space 512K, 37% used [0x000000077bc80000,0x000000077bcb0108,0x000000077bd00000)
  to   space 512K, 0% used [0x000000077bd00000,0x000000077bd00000,0x000000077bd80000)
 ParOldGen       total 175104K, used 11405K [0x00000006c1600000, 0x00000006cc100000, 0x000000076b200000)
  object space 175104K, 6% used [0x00000006c1600000,0x00000006c21234e8,0x00000006cc100000)
 Metaspace       used 7584K, capacity 7773K, committed 8064K, reserved 1056768K
  class space    used 737K, capacity 793K, committed 896K, reserved 1048576K
Event: 336.879 GC heap after
Heap after GC invocations=458 (full 0):
 PSYoungGen      total 31744K, used 252K [0x000000076b200000, 0x000000077bd80000, 0x00000007c0000000)
  eden space 31232K, 0% used [0x000000076b200000,0x000000076b200000,0x000000076d080000)
  from space 512K, 49% used [0x000000077bd00000,0x000000077bd3f118,0x000000077bd80000)
  to   space 512K, 0% used [0x000000077bc80000,0x000000077bc80000,0x000000077bd00000)
 ParOldGen       total 175104K, used 11405K [0x00000006c1600000, 0x00000006cc100000, 0x000000076b200000)
  object space 175104K, 6% used [0x00000006c1600000,0x00000006c21234e8,0x00000006cc100000)
 Metaspace       used 7584K, capacity 7773K, committed 8064K, reserved 1056768K
  class space    used 737K, capacity 793K, committed 896K, reserved 1048576K
}
Event: 337.378 GC heap before
{Heap before GC invocations=459 (full 0):
 PSYoungGen      total 31744K, used 31368K [0x000000076b200000, 0x000000077bd80000, 0x00000007c0000000)
  eden space 31232K, 99% used [0x000000076b200000,0x000000076d063268,0x000000076d080000)
  from space 512K, 49% used [0x000000077bd00000,0x000000077bd3f118,0x000000077bd80000)
  to   space 512K, 0% used [0x000000077bc80000,0x000000077bc80000,0x000000077bd00000)
 ParOldGen       total 175104K, used 11405K [0x00000006c1600000, 0x00000006cc100000, 0x000000076b200000)
  object space 175104K, 6% used [0x00000006c1600000,0x00000006c21234e8,0x00000006cc100000)
 Metaspace       used 7584K, capacity 7773K, committed 8064K, reserved 1056768K
  class space    used 737K, capacity 793K, committed 896K, reserved 1048576K
Event: 337.379 GC heap after
Heap after GC invocations=459 (full 0):
 PSYoungGen      total 31744K, used 192K [0x000000076b200000, 0x000000077bd80000, 0x00000007c0000000)
  eden space 31232K, 0% used [0x000000076b200000,0x000000076b200000,0x000000076d080000)
  from space 512K, 37% used [0x000000077bc80000,0x000000077bcb0108,0x000000077bd00000)
  to   space 512K, 0% used [0x000000077bd00000,0x000000077bd00000,0x000000077bd80000)
 ParOldGen       total 175104K, used 11405K [0x00000006c1600000, 0x00000006cc100000, 0x000000076b200000)
  object space 175104K, 6% used [0x00000006c1600000,0x00000006c21234e8,0x00000006cc100000)
 Metaspace       used 7584K, capacity 7773K, committed 8064K, reserved 1056768K
  class space    used 737K, capacity 793K, committed 896K, reserved 1048576K
}
Event: 337.878 GC heap before
{Heap before GC invocations=460 (full 0):
 PSYoungGen      total 31744K, used 31388K [0x000000076b200000, 0x000000077bd80000, 0x00000007c0000000)
  eden space 31232K, 99% used [0x000000076b200000,0x000000076d0770c0,0x000000076d080000)
  from space 512K, 37% used [0x000000077bc80000,0x000000077bcb0108,0x000000077bd00000)
  to   space 512K, 0% used [0x000000077bd00000,0x000000077bd00000,0x000000077bd80000)
 ParOldGen       total 175104K, used 11405K [0x00000006c1600000, 0x00000006cc100000, 0x000000076b200000)
  object space 175104K, 6% used [0x00000006c1600000,0x00000006c21234e8,0x00000006cc100000)
 Metaspace       used 7584K, capacity 7773K, committed 8064K, reserved 1056768K
  class space    used 737K, capacity 793K, committed 896K, reserved 1048576K
Event: 337.879 GC heap after
Heap after GC invocations=460 (full 0):
 PSYoungGen      total 31744K, used 192K [0x000000076b200000, 0x000000077bd80000, 0x00000007c0000000)
  eden space 31232K, 0% used [0x000000076b200000,0x000000076b200000,0x000000076d080000)
  from space 512K, 37% used [0x000000077bd00000,0x000000077bd30108,0x000000077bd80000)
  to   space 512K, 0% used [0x000000077bc80000,0x000000077bc80000,0x000000077bd00000)
 ParOldGen       total 175104K, used 11405K [0x00000006c1600000, 0x00000006cc100000, 0x000000076b200000)
  object space 175104K, 6% used [0x00000006c1600000,0x00000006c21234e8,0x00000006cc100000)
 Metaspace       used 7584K, capacity 7773K, committed 8064K, reserved 1056768K
  class space    used 737K, capacity 793K, committed 896K, reserved 1048576K
}

