# JRE version: Java(TM) SE Runtime Environment (8.0_92-b14) (build 1.8.0_92-b14)
# Java VM: Java HotSpot(TM) 64-Bit Server VM (25.92-b14 mixed mode windows-amd64 compressed oops)
Heap:
 PSYoungGen      total 50176K, used 6762K [0x000000076b200000, 0x000000076e800000, 0x00000007c0000000)
  eden space 47616K, 14% used [0x000000076b200000,0x000000076b882948,0x000000076e080000)
  from space 2560K, 3% used [0x000000076e300000,0x000000076e318000,0x000000076e580000)
  to   space 2560K, 0% used [0x000000076e580000,0x000000076e580000,0x000000076e800000)
 ParOldGen       total 175104K, used 1848K [0x00000006c1600000, 0x00000006cc100000, 0x000000076b200000)
  object space 175104K, 1% used [0x00000006c1600000,0x00000006c17ce068,0x00000006cc100000)
 Metaspace       used 7555K, capacity 7697K, committed 7808K, reserved 1056768K
  class space    used 732K, capacity 793K, committed 896K, reserved 1048576K
GC Heap History (10 events):
Event: 1974.984 GC heap before
{Heap before GC invocations=17 (full 0):
 PSYoungGen      total 52736K, used 52288K [0x000000076b200000, 0x000000076ec80000, 0x00000007c0000000)
  eden space 52224K, 100% used [0x000000076b200000,0x000000076e500000,0x000000076e500000)
  from space 512K, 12% used [0x000000076ec00000,0x000000076ec10000,0x000000076ec80000)
  to   space 3072K, 0% used [0x000000076e680000,0x000000076e680000,0x000000076e980000)
 ParOldGen       total 175104K, used 1848K [0x00000006c1600000, 0x00000006cc100000, 0x000000076b200000)
  object space 175104K, 1% used [0x00000006c1600000,0x00000006c17ce068,0x00000006cc100000)
 Metaspace       used 7555K, capacity 7697K, committed 7808K, reserved 1056768K
  class space    used 732K, capacity 793K, committed 896K, reserved 1048576K
Event: 1974.984 GC heap after
Heap after GC invocations=17 (full 0):
 PSYoungGen      total 54272K, used 96K [0x000000076b200000, 0x000000076ec80000, 0x00000007c0000000)
  eden space 51200K, 0% used [0x000000076b200000,0x000000076b200000,0x000000076e400000)
  from space 3072K, 3% used [0x000000076e680000,0x000000076e698000,0x000000076e980000)
  to   space 3072K, 0% used [0x000000076e980000,0x000000076e980000,0x000000076ec80000)
 ParOldGen       total 175104K, used 1848K [0x00000006c1600000, 0x00000006cc100000, 0x000000076b200000)
  object space 175104K, 1% used [0x00000006c1600000,0x00000006c17ce068,0x00000006cc100000)
 Metaspace       used 7555K, capacity 7697K, committed 7808K, reserved 1056768K
  class space    used 732K, capacity 793K, committed 896K, reserved 1048576K
}
Event: 2077.443 GC heap before
{Heap before GC invocations=18 (full 0):
 PSYoungGen      total 54272K, used 51296K [0x000000076b200000, 0x000000076ec80000, 0x00000007c0000000)
  eden space 51200K, 100% used [0x000000076b200000,0x000000076e400000,0x000000076e400000)
  from space 3072K, 3% used [0x000000076e680000,0x000000076e698000,0x000000076e980000)
  to   space 3072K, 0% used [0x000000076e980000,0x000000076e980000,0x000000076ec80000)
 ParOldGen       total 175104K, used 1848K [0x00000006c1600000, 0x00000006cc100000, 0x000000076b200000)
  object space 175104K, 1% used [0x00000006c1600000,0x00000006c17ce068,0x00000006cc100000)
 Metaspace       used 7555K, capacity 7697K, committed 7808K, reserved 1056768K
  class space    used 732K, capacity 793K, committed 896K, reserved 1048576K
Event: 2077.445 GC heap after
Heap after GC invocations=18 (full 0):
 PSYoungGen      total 50688K, used 128K [0x000000076b200000, 0x000000076ea00000, 0x00000007c0000000)
  eden space 50176K, 0% used [0x000000076b200000,0x000000076b200000,0x000000076e300000)
  from space 512K, 25% used [0x000000076e980000,0x000000076e9a0000,0x000000076ea00000)
  to   space 3072K, 0% used [0x000000076e400000,0x000000076e400000,0x000000076e700000)
 ParOldGen       total 175104K, used 1848K [0x00000006c1600000, 0x00000006cc100000, 0x000000076b200000)
  object space 175104K, 1% used [0x00000006c1600000,0x00000006c17ce068,0x00000006cc100000)
 Metaspace       used 7555K, capacity 7697K, committed 7808K, reserved 1056768K
  class space    used 732K, capacity 793K, committed 896K, reserved 1048576K
}
Event: 2177.852 GC heap before
{Heap before GC invocations=19 (full 0):
 PSYoungGen      total 50688K, used 50304K [0x000000076b200000, 0x000000076ea00000, 0x00000007c0000000)
  eden space 50176K, 100% used [0x000000076b200000,0x000000076e300000,0x000000076e300000)
  from space 512K, 25% used [0x000000076e980000,0x000000076e9a0000,0x000000076ea00000)
  to   space 3072K, 0% used [0x000000076e400000,0x000000076e400000,0x000000076e700000)
 ParOldGen       total 175104K, used 1848K [0x00000006c1600000, 0x00000006cc100000, 0x000000076b200000)
  object space 175104K, 1% used [0x00000006c1600000,0x00000006c17ce068,0x00000006cc100000)
 Metaspace       used 7555K, capacity 7697K, committed 7808K, reserved 1056768K
  class space    used 732K, capacity 793K, committed 896K, reserved 1048576K
Event: 2177.854 GC heap after
Heap after GC invocations=19 (full 0):
 PSYoungGen      total 52224K, used 96K [0x000000076b200000, 0x000000076ea00000, 0x00000007c0000000)
  eden space 49152K, 0% used [0x000000076b200000,0x000000076b200000,0x000000076e200000)
  from space 3072K, 3% used [0x000000076e400000,0x000000076e418000,0x000000076e700000)
  to   space 2560K, 0% used [0x000000076e780000,0x000000076e780000,0x000000076ea00000)
 ParOldGen       total 175104K, used 1848K [0x00000006c1600000, 0x00000006cc100000, 0x000000076b200000)
  object space 175104K, 1% used [0x00000006c1600000,0x00000006c17ce068,0x00000006cc100000)
 Metaspace       used 7555K, capacity 7697K, committed 7808K, reserved 1056768K
  class space    used 732K, capacity 793K, committed 896K, reserved 1048576K
}
Event: 2276.209 GC heap before
{Heap before GC invocations=20 (full 0):
 PSYoungGen      total 52224K, used 49247K [0x000000076b200000, 0x000000076ea00000, 0x00000007c0000000)
  eden space 49152K, 99% used [0x000000076b200000,0x000000076e1ffff8,0x000000076e200000)
  from space 3072K, 3% used [0x000000076e400000,0x000000076e418000,0x000000076e700000)
  to   space 2560K, 0% used [0x000000076e780000,0x000000076e780000,0x000000076ea00000)
 ParOldGen       total 175104K, used 1848K [0x00000006c1600000, 0x00000006cc100000, 0x000000076b200000)
  object space 175104K, 1% used [0x00000006c1600000,0x00000006c17ce068,0x00000006cc100000)
 Metaspace       used 7555K, capacity 7697K, committed 7808K, reserved 1056768K
  class space    used 732K, capacity 793K, committed 896K, reserved 1048576K
Event: 2276.211 GC heap after
Heap after GC invocations=20 (full 0):
 PSYoungGen      total 48640K, used 96K [0x000000076b200000, 0x000000076e800000, 0x00000007c0000000)
  eden space 48128K, 0% used [0x000000076b200000,0x000000076b200000,0x000000076e100000)
  from space 512K, 18% used [0x000000076e780000,0x000000076e798000,0x000000076e800000)
  to   space 2560K, 0% used [0x000000076e300000,0x000000076e300000,0x000000076e580000)
 ParOldGen       total 175104K, used 1848K [0x00000006c1600000, 0x00000006cc100000, 0x000000076b200000)
  object space 175104K, 1% used [0x00000006c1600000,0x00000006c17ce068,0x00000006cc100000)
 Metaspace       used 7555K, capacity 7697K, committed 7808K, reserved 1056768K
  class space    used 732K, capacity 793K, committed 896K, reserved 1048576K
}
Event: 2372.527 GC heap before
{Heap before GC invocations=21 (full 0):
 PSYoungGen      total 48640K, used 48224K [0x000000076b200000, 0x000000076e800000, 0x00000007c0000000)
  eden space 48128K, 100% used [0x000000076b200000,0x000000076e100000,0x000000076e100000)
  from space 512K, 18% used [0x000000076e780000,0x000000076e798000,0x000000076e800000)
  to   space 2560K, 0% used [0x000000076e300000,0x000000076e300000,0x000000076e580000)
 ParOldGen       total 175104K, used 1848K [0x00000006c1600000, 0x00000006cc100000, 0x000000076b200000)
  object space 175104K, 1% used [0x00000006c1600000,0x00000006c17ce068,0x00000006cc100000)
 Metaspace       used 7555K, capacity 7697K, committed 7808K, reserved 1056768K
  class space    used 732K, capacity 793K, committed 896K, reserved 1048576K
Event: 2372.529 GC heap after
Heap after GC invocations=21 (full 0):
 PSYoungGen      total 50176K, used 96K [0x000000076b200000, 0x000000076e800000, 0x00000007c0000000)
  eden space 47616K, 0% used [0x000000076b200000,0x000000076b200000,0x000000076e080000)
  from space 2560K, 3% used [0x000000076e300000,0x000000076e318000,0x000000076e580000)
  to   space 2560K, 0% used [0x000000076e580000,0x000000076e580000,0x000000076e800000)
 ParOldGen       total 175104K, used 1848K [0x00000006c1600000, 0x00000006cc100000, 0x000000076b200000)
  object space 175104K, 1% used [0x00000006c1600000,0x00000006c17ce068,0x00000006cc100000)
 Metaspace       used 7555K, capacity 7697K, committed 7808K, reserved 1056768K
  class space    used 732K, capacity 793K, committed 896K, reserved 1048576K
}

