# JRE version: Java(TM) SE Runtime Environment (8.0_92-b14) (build 1.8.0_92-b14)
# Java VM: Java HotSpot(TM) 64-Bit Server VM (25.92-b14 mixed mode windows-amd64 compressed oops)
Heap:
 PSYoungGen      total 58880K, used 11494K [0x000000076b200000, 0x0000000772500000, 0x00000007c0000000)
  eden space 58368K, 19% used [0x000000076b200000,0x000000076bd31b40,0x000000076eb00000)
  from space 512K, 6% used [0x0000000772480000,0x0000000772488000,0x0000000772500000)
  to   space 10752K, 0% used [0x0000000771000000,0x0000000771000000,0x0000000771a80000)
 ParOldGen       total 175104K, used 6564K [0x00000006c1600000, 0x00000006cc100000, 0x000000076b200000)
  object space 175104K, 3% used [0x00000006c1600000,0x00000006c1c69200,0x00000006cc100000)
 Metaspace       used 5813K, capacity 6299K, committed 6528K, reserved 1056768K
  class space    used 534K, capacity 560K, committed 640K, reserved 1048576K
GC Heap History (10 events):
Event: 29.311 GC heap before
{Heap before GC invocations=8 (full 0):
 PSYoungGen      total 72192K, used 64224K [0x000000076b200000, 0x0000000774200000, 0x00000007c0000000)
  eden space 64000K, 100% used [0x000000076b200000,0x000000076f080000,0x000000076f080000)
  from space 8192K, 2% used [0x000000076f080000,0x000000076f0b8060,0x000000076f880000)
  to   space 9728K, 0% used [0x0000000773880000,0x0000000773880000,0x0000000774200000)
 ParOldGen       total 175104K, used 6476K [0x00000006c1600000, 0x00000006cc100000, 0x000000076b200000)
  object space 175104K, 3% used [0x00000006c1600000,0x00000006c1c53200,0x00000006cc100000)
 Metaspace       used 5813K, capacity 6299K, committed 6528K, reserved 1056768K
  class space    used 534K, capacity 560K, committed 640K, reserved 1048576K
Event: 29.312 GC heap after
Heap after GC invocations=8 (full 0):
 PSYoungGen      total 62976K, used 192K [0x000000076b200000, 0x0000000773900000, 0x00000007c0000000)
  eden space 62464K, 0% used [0x000000076b200000,0x000000076b200000,0x000000076ef00000)
  from space 512K, 37% used [0x0000000773880000,0x00000007738b0000,0x0000000773900000)
  to   space 10240K, 0% used [0x0000000772500000,0x0000000772500000,0x0000000772f00000)
 ParOldGen       total 175104K, used 6548K [0x00000006c1600000, 0x00000006cc100000, 0x000000076b200000)
  object space 175104K, 3% used [0x00000006c1600000,0x00000006c1c65200,0x00000006cc100000)
 Metaspace       used 5813K, capacity 6299K, committed 6528K, reserved 1056768K
  class space    used 534K, capacity 560K, committed 640K, reserved 1048576K
}
Event: 37.062 GC heap before
{Heap before GC invocations=9 (full 0):
 PSYoungGen      total 62976K, used 62656K [0x000000076b200000, 0x0000000773900000, 0x00000007c0000000)
  eden space 62464K, 100% used [0x000000076b200000,0x000000076ef00000,0x000000076ef00000)
  from space 512K, 37% used [0x0000000773880000,0x00000007738b0000,0x0000000773900000)
  to   space 10240K, 0% used [0x0000000772500000,0x0000000772500000,0x0000000772f00000)
 ParOldGen       total 175104K, used 6548K [0x00000006c1600000, 0x00000006cc100000, 0x000000076b200000)
  object space 175104K, 3% used [0x00000006c1600000,0x00000006c1c65200,0x00000006cc100000)
 Metaspace       used 5813K, capacity 6299K, committed 6528K, reserved 1056768K
  class space    used 534K, capacity 560K, committed 640K, reserved 1048576K
Event: 37.063 GC heap after
Heap after GC invocations=9 (full 0):
 PSYoungGen      total 61952K, used 32K [0x000000076b200000, 0x0000000773900000, 0x00000007c0000000)
  eden space 61440K, 0% used [0x000000076b200000,0x000000076b200000,0x000000076ee00000)
  from space 512K, 6% used [0x0000000772500000,0x0000000772508000,0x0000000772580000)
  to   space 10752K, 0% used [0x0000000772e80000,0x0000000772e80000,0x0000000773900000)
 ParOldGen       total 175104K, used 6556K [0x00000006c1600000, 0x00000006cc100000, 0x000000076b200000)
  object space 175104K, 3% used [0x00000006c1600000,0x00000006c1c67200,0x00000006cc100000)
 Metaspace       used 5813K, capacity 6299K, committed 6528K, reserved 1056768K
  class space    used 534K, capacity 560K, committed 640K, reserved 1048576K
}
Event: 44.612 GC heap before
{Heap before GC invocations=10 (full 0):
 PSYoungGen      total 61952K, used 61472K [0x000000076b200000, 0x0000000773900000, 0x00000007c0000000)
  eden space 61440K, 100% used [0x000000076b200000,0x000000076ee00000,0x000000076ee00000)
  from space 512K, 6% used [0x0000000772500000,0x0000000772508000,0x0000000772580000)
  to   space 10752K, 0% used [0x0000000772e80000,0x0000000772e80000,0x0000000773900000)
 ParOldGen       total 175104K, used 6556K [0x00000006c1600000, 0x00000006cc100000, 0x000000076b200000)
  object space 175104K, 3% used [0x00000006c1600000,0x00000006c1c67200,0x00000006cc100000)
 Metaspace       used 5813K, capacity 6299K, committed 6528K, reserved 1056768K
  class space    used 534K, capacity 560K, committed 640K, reserved 1048576K
Event: 44.612 GC heap after
Heap after GC invocations=10 (full 0):
 PSYoungGen      total 60928K, used 64K [0x000000076b200000, 0x0000000772f00000, 0x00000007c0000000)
  eden space 60416K, 0% used [0x000000076b200000,0x000000076b200000,0x000000076ed00000)
  from space 512K, 12% used [0x0000000772e80000,0x0000000772e90060,0x0000000772f00000)
  to   space 10752K, 0% used [0x0000000771a00000,0x0000000771a00000,0x0000000772480000)
 ParOldGen       total 175104K, used 6564K [0x00000006c1600000, 0x00000006cc100000, 0x000000076b200000)
  object space 175104K, 3% used [0x00000006c1600000,0x00000006c1c69200,0x00000006cc100000)
 Metaspace       used 5813K, capacity 6299K, committed 6528K, reserved 1056768K
  class space    used 534K, capacity 560K, committed 640K, reserved 1048576K
}
Event: 52.045 GC heap before
{Heap before GC invocations=11 (full 0):
 PSYoungGen      total 60928K, used 60480K [0x000000076b200000, 0x0000000772f00000, 0x00000007c0000000)
  eden space 60416K, 100% used [0x000000076b200000,0x000000076ed00000,0x000000076ed00000)
  from space 512K, 12% used [0x0000000772e80000,0x0000000772e90060,0x0000000772f00000)
  to   space 10752K, 0% used [0x0000000771a00000,0x0000000771a00000,0x0000000772480000)
 ParOldGen       total 175104K, used 6564K [0x00000006c1600000, 0x00000006cc100000, 0x000000076b200000)
  object space 175104K, 3% used [0x00000006c1600000,0x00000006c1c69200,0x00000006cc100000)
 Metaspace       used 5813K, capacity 6299K, committed 6528K, reserved 1056768K
  class space    used 534K, capacity 560K, committed 640K, reserved 1048576K
Event: 52.045 GC heap after
Heap after GC invocations=11 (full 0):
 PSYoungGen      total 70144K, used 64K [0x000000076b200000, 0x0000000772f00000, 0x00000007c0000000)
  eden space 59392K, 0% used [0x000000076b200000,0x000000076b200000,0x000000076ec00000)
  from space 10752K, 0% used [0x0000000771a00000,0x0000000771a10060,0x0000000772480000)
  to   space 10752K, 0% used [0x0000000772480000,0x0000000772480000,0x0000000772f00000)
 ParOldGen       total 175104K, used 6564K [0x00000006c1600000, 0x00000006cc100000, 0x000000076b200000)
  object space 175104K, 3% used [0x00000006c1600000,0x00000006c1c69200,0x00000006cc100000)
 Metaspace       used 5813K, capacity 6299K, committed 6528K, reserved 1056768K
  class space    used 534K, capacity 560K, committed 640K, reserved 1048576K
}
Event: 59.420 GC heap before
{Heap before GC invocations=12 (full 0):
 PSYoungGen      total 70144K, used 59456K [0x000000076b200000, 0x0000000772f00000, 0x00000007c0000000)
  eden space 59392K, 100% used [0x000000076b200000,0x000000076ec00000,0x000000076ec00000)
  from space 10752K, 0% used [0x0000000771a00000,0x0000000771a10060,0x0000000772480000)
  to   space 10752K, 0% used [0x0000000772480000,0x0000000772480000,0x0000000772f00000)
 ParOldGen       total 175104K, used 6564K [0x00000006c1600000, 0x00000006cc100000, 0x000000076b200000)
  object space 175104K, 3% used [0x00000006c1600000,0x00000006c1c69200,0x00000006cc100000)
 Metaspace       used 5813K, capacity 6299K, committed 6528K, reserved 1056768K
  class space    used 534K, capacity 560K, committed 640K, reserved 1048576K
Event: 59.421 GC heap after
Heap after GC invocations=12 (full 0):
 PSYoungGen      total 58880K, used 32K [0x000000076b200000, 0x0000000772500000, 0x00000007c0000000)
  eden space 58368K, 0% used [0x000000076b200000,0x000000076b200000,0x000000076eb00000)
  from space 512K, 6% used [0x0000000772480000,0x0000000772488000,0x0000000772500000)
  to   space 10752K, 0% used [0x0000000771000000,0x0000000771000000,0x0000000771a80000)
 ParOldGen       total 175104K, used 6564K [0x00000006c1600000, 0x00000006cc100000, 0x000000076b200000)
  object space 175104K, 3% used [0x00000006c1600000,0x00000006c1c69200,0x00000006cc100000)
 Metaspace       used 5813K, capacity 6299K, committed 6528K, reserved 1056768K
  class space    used 534K, capacity 560K, committed 640K, reserved 1048576K
}

