# JRE version: Java(TM) SE Runtime Environment (8.0_60-b27) (build 1.8.0_60-b27)
# Java VM: Java HotSpot(TM) 64-Bit Server VM (25.60-b23 mixed mode bsd-amd64 compressed oops)
Heap:
 PSYoungGen      total 276480K, used 161441K [0x0000000795580000, 0x00000007b0a80000, 0x00000007c0000000)
  eden space 266240K, 60% used [0x0000000795580000,0x000000079f2e01e0,0x00000007a5980000)
  from space 10240K, 2% used [0x00000007a5980000,0x00000007a59c8260,0x00000007a6380000)
  to   space 10752K, 0% used [0x00000007b0000000,0x00000007b0000000,0x00000007b0a80000)
 ParOldGen       total 87552K, used 11046K [0x0000000740000000, 0x0000000745580000, 0x0000000795580000)
  object space 87552K, 12% used [0x0000000740000000,0x0000000740ac9ad0,0x0000000745580000)
 Metaspace       used 7818K, capacity 7927K, committed 8064K, reserved 1056768K
  class space    used 771K, capacity 826K, committed 896K, reserved 1048576K
GC Heap History (10 events):
Event: 2.763 GC heap before
{Heap before GC invocations=5 (full 0):
 PSYoungGen      total 71680K, used 70345K [0x0000000795580000, 0x000000079a080000, 0x00000007c0000000)
  eden space 66560K, 99% used [0x0000000795580000,0x00000007996667b0,0x0000000799680000)
  from space 5120K, 75% used [0x0000000799b80000,0x0000000799f4bdf8,0x000000079a080000)
  to   space 5120K, 0% used [0x0000000799680000,0x0000000799680000,0x0000000799b80000)
 ParOldGen       total 87552K, used 6755K [0x0000000740000000, 0x0000000745580000, 0x0000000795580000)
  object space 87552K, 7% used [0x0000000740000000,0x0000000740698e90,0x0000000745580000)
 Metaspace       used 7739K, capacity 7863K, committed 8064K, reserved 1056768K
  class space    used 770K, capacity 826K, committed 896K, reserved 1048576K
Event: 2.771 GC heap after
Heap after GC invocations=5 (full 0):
 PSYoungGen      total 71680K, used 4471K [0x0000000795580000, 0x000000079ed80000, 0x00000007c0000000)
  eden space 66560K, 0% used [0x0000000795580000,0x0000000795580000,0x0000000799680000)
  from space 5120K, 87% used [0x0000000799680000,0x0000000799addcf0,0x0000000799b80000)
  to   space 11264K, 0% used [0x000000079e280000,0x000000079e280000,0x000000079ed80000)
 ParOldGen       total 87552K, used 6763K [0x0000000740000000, 0x0000000745580000, 0x0000000795580000)
  object space 87552K, 7% used [0x0000000740000000,0x000000074069ae90,0x0000000745580000)
 Metaspace       used 7739K, capacity 7863K, committed 8064K, reserved 1056768K
  class space    used 770K, capacity 826K, committed 896K, reserved 1048576K
}
Event: 3.531 GC heap before
{Heap before GC invocations=6 (full 0):
 PSYoungGen      total 71680K, used 70945K [0x0000000795580000, 0x000000079ed80000, 0x00000007c0000000)
  eden space 66560K, 99% used [0x0000000795580000,0x000000079966aa28,0x0000000799680000)
  from space 5120K, 87% used [0x0000000799680000,0x0000000799addcf0,0x0000000799b80000)
  to   space 11264K, 0% used [0x000000079e280000,0x000000079e280000,0x000000079ed80000)
 ParOldGen       total 87552K, used 6763K [0x0000000740000000, 0x0000000745580000, 0x0000000795580000)
  object space 87552K, 7% used [0x0000000740000000,0x000000074069ae90,0x0000000745580000)
 Metaspace       used 7756K, capacity 7927K, committed 8064K, reserved 1056768K
  class space    used 770K, capacity 826K, committed 896K, reserved 1048576K
Event: 3.539 GC heap after
Heap after GC invocations=6 (full 0):
 PSYoungGen      total 143360K, used 4391K [0x0000000795580000, 0x000000079ec80000, 0x00000007c0000000)
  eden space 133120K, 0% used [0x0000000795580000,0x0000000795580000,0x000000079d780000)
  from space 10240K, 42% used [0x000000079e280000,0x000000079e6c9d00,0x000000079ec80000)
  to   space 10752K, 0% used [0x000000079d780000,0x000000079d780000,0x000000079e200000)
 ParOldGen       total 87552K, used 6771K [0x0000000740000000, 0x0000000745580000, 0x0000000795580000)
  object space 87552K, 7% used [0x0000000740000000,0x000000074069ce90,0x0000000745580000)
 Metaspace       used 7756K, capacity 7927K, committed 8064K, reserved 1056768K
  class space    used 770K, capacity 826K, committed 896K, reserved 1048576K
}
Event: 4.739 GC heap before
{Heap before GC invocations=7 (full 0):
 PSYoungGen      total 143360K, used 137498K [0x0000000795580000, 0x000000079ec80000, 0x00000007c0000000)
  eden space 133120K, 99% used [0x0000000795580000,0x000000079d77cb40,0x000000079d780000)
  from space 10240K, 42% used [0x000000079e280000,0x000000079e6c9d00,0x000000079ec80000)
  to   space 10752K, 0% used [0x000000079d780000,0x000000079d780000,0x000000079e200000)
 ParOldGen       total 87552K, used 6771K [0x0000000740000000, 0x0000000745580000, 0x0000000795580000)
  object space 87552K, 7% used [0x0000000740000000,0x000000074069ce90,0x0000000745580000)
 Metaspace       used 7795K, capacity 7927K, committed 8064K, reserved 1056768K
  class space    used 770K, capacity 826K, committed 896K, reserved 1048576K
Event: 4.747 GC heap after
Heap after GC invocations=7 (full 0):
 PSYoungGen      total 143872K, used 3223K [0x0000000795580000, 0x00000007a6d80000, 0x00000007c0000000)
  eden space 133120K, 0% used [0x0000000795580000,0x0000000795580000,0x000000079d780000)
  from space 10752K, 29% used [0x000000079d780000,0x000000079daa5cf0,0x000000079e200000)
  to   space 10240K, 0% used [0x00000007a6380000,0x00000007a6380000,0x00000007a6d80000)
 ParOldGen       total 87552K, used 7967K [0x0000000740000000, 0x0000000745580000, 0x0000000795580000)
  object space 87552K, 9% used [0x0000000740000000,0x00000007407c7ee8,0x0000000745580000)
 Metaspace       used 7795K, capacity 7927K, committed 8064K, reserved 1056768K
  class space    used 770K, capacity 826K, committed 896K, reserved 1048576K
}
Event: 5.873 GC heap before
{Heap before GC invocations=8 (full 0):
 PSYoungGen      total 143872K, used 136329K [0x0000000795580000, 0x00000007a6d80000, 0x00000007c0000000)
  eden space 133120K, 99% used [0x0000000795580000,0x000000079d77ca78,0x000000079d780000)
  from space 10752K, 29% used [0x000000079d780000,0x000000079daa5cf0,0x000000079e200000)
  to   space 10240K, 0% used [0x00000007a6380000,0x00000007a6380000,0x00000007a6d80000)
 ParOldGen       total 87552K, used 7967K [0x0000000740000000, 0x0000000745580000, 0x0000000795580000)
  object space 87552K, 9% used [0x0000000740000000,0x00000007407c7ee8,0x0000000745580000)
 Metaspace       used 7809K, capacity 7927K, committed 8064K, reserved 1056768K
  class space    used 770K, capacity 826K, committed 896K, reserved 1048576K
Event: 5.877 GC heap after
Heap after GC invocations=8 (full 0):
 PSYoungGen      total 276480K, used 1522K [0x0000000795580000, 0x00000007a6d80000, 0x00000007c0000000)
  eden space 266240K, 0% used [0x0000000795580000,0x0000000795580000,0x00000007a5980000)
  from space 10240K, 14% used [0x00000007a6380000,0x00000007a64fca78,0x00000007a6d80000)
  to   space 10240K, 0% used [0x00000007a5980000,0x00000007a5980000,0x00000007a6380000)
 ParOldGen       total 87552K, used 9676K [0x0000000740000000, 0x0000000745580000, 0x0000000795580000)
  object space 87552K, 11% used [0x0000000740000000,0x0000000740973160,0x0000000745580000)
 Metaspace       used 7809K, capacity 7927K, committed 8064K, reserved 1056768K
  class space    used 770K, capacity 826K, committed 896K, reserved 1048576K
}
Event: 7.777 GC heap before
{Heap before GC invocations=9 (full 0):
 PSYoungGen      total 276480K, used 267762K [0x0000000795580000, 0x00000007a6d80000, 0x00000007c0000000)
  eden space 266240K, 100% used [0x0000000795580000,0x00000007a5980000,0x00000007a5980000)
  from space 10240K, 14% used [0x00000007a6380000,0x00000007a64fca78,0x00000007a6d80000)
  to   space 10240K, 0% used [0x00000007a5980000,0x00000007a5980000,0x00000007a6380000)
 ParOldGen       total 87552K, used 9676K [0x0000000740000000, 0x0000000745580000, 0x0000000795580000)
  object space 87552K, 11% used [0x0000000740000000,0x0000000740973160,0x0000000745580000)
 Metaspace       used 7812K, capacity 7927K, committed 8064K, reserved 1056768K
  class space    used 770K, capacity 826K, committed 896K, reserved 1048576K
Event: 7.781 GC heap after
Heap after GC invocations=9 (full 0):
 PSYoungGen      total 276480K, used 288K [0x0000000795580000, 0x00000007b0a80000, 0x00000007c0000000)
  eden space 266240K, 0% used [0x0000000795580000,0x0000000795580000,0x00000007a5980000)
  from space 10240K, 2% used [0x00000007a5980000,0x00000007a59c8260,0x00000007a6380000)
  to   space 10752K, 0% used [0x00000007b0000000,0x00000007b0000000,0x00000007b0a80000)
 ParOldGen       total 87552K, used 11046K [0x0000000740000000, 0x0000000745580000, 0x0000000795580000)
  object space 87552K, 12% used [0x0000000740000000,0x0000000740ac9ad0,0x0000000745580000)
 Metaspace       used 7812K, capacity 7927K, committed 8064K, reserved 1056768K
  class space    used 770K, capacity 826K, committed 896K, reserved 1048576K
}

